<?xml version="1.0" encoding="UTF-8"?>
<!-- Generated by org.testng.reporters.JUnitXMLReporter -->
<testsuite hostname="VAIO" ignored="0" name="Default test(failed)" tests="1" failures="0" timestamp="11 Feb 2017 17:13:07 GMT" time="0.109" errors="0">
  <testcase name="@BeforeMethod setUp" time="0.0" classname="automationScripts.myAccount.Auto_Practice_MyAccounts_Check_My_Personal_Information_AT02">
    <failure type="org.testng.TestNGException" message="
Parameter &amp;apos;browser&amp;apos; is required by BeforeMethod on method setUp but has not been marked @Optional or defined
in G:\SeleniumLabs\Practice\AutomationPracticeStoreMod\test-output\Default suite\testng-failed.xml">
      <![CDATA[org.testng.TestNGException: 
Parameter 'browser' is required by BeforeMethod on method setUp but has not been marked @Optional or defined
in G:\SeleniumLabs\Practice\AutomationPracticeStoreMod\test-output\Default suite\testng-failed.xml
... Removed 24 stack frames]]>
    </failure>
  </testcase> <!-- @BeforeMethod setUp -->
  <testcase name="@AfterMethod tearDown" time="0.0" classname="automationScripts.myAccount.Auto_Practice_MyAccounts_Check_My_Personal_Information_AT02">
    <skipped/>
  </testcase> <!-- @AfterMethod tearDown -->
  <testcase name="execute" time="0.031" classname="automationScripts.myAccount.Auto_Practice_MyAccounts_Check_My_Personal_Information_AT02">
    <skipped/>
  </testcase> <!-- execute -->
</testsuite> <!-- Default test(failed) -->
